# JRE version: Java(TM) SE Runtime Environment (8.0_131-b11) (build 1.8.0_131-b11)
# Java VM: Java HotSpot(TM) 64-Bit Server VM (25.131-b11 mixed mode windows-amd64 compressed oops)
Heap:
 PSYoungGen      total 167424K, used 153384K [0x00000000eb300000, 0x00000000f7f00000, 0x0000000100000000)
  eden space 155136K, 98% used [0x00000000eb300000,0x00000000f48ca070,0x00000000f4a80000)
  from space 12288K, 0% used [0x00000000f4a80000,0x00000000f4a80000,0x00000000f5680000)
  to   space 9216K, 0% used [0x00000000f5680000,0x00000000f5680000,0x00000000f5f80000)
 ParOldGen       total 51712K, used 16899K [0x00000000c1800000, 0x00000000c4a80000, 0x00000000eb300000)
  object space 51712K, 32% used [0x00000000c1800000,0x00000000c2880c60,0x00000000c4a80000)
 Metaspace       used 40168K, capacity 41952K, committed 42112K, reserved 1085440K
  class space    used 5593K, capacity 5946K, committed 6016K, reserved 1048576K
GC Heap History (10 events):
Event: 13.858 GC heap before
{Heap before GC invocations=9 (full 1):
 PSYoungGen      total 70656K, used 64512K [0x00000000eb300000, 0x00000000f3d00000, 0x0000000100000000)
  eden space 64512K, 100% used [0x00000000eb300000,0x00000000ef200000,0x00000000ef200000)
  from space 6144K, 0% used [0x00000000ef200000,0x00000000ef200000,0x00000000ef800000)
  to   space 6144K, 0% used [0x00000000f3700000,0x00000000f3700000,0x00000000f3d00000)
 ParOldGen       total 31744K, used 8596K [0x00000000c1800000, 0x00000000c3700000, 0x00000000eb300000)
  object space 31744K, 27% used [0x00000000c1800000,0x00000000c20653d0,0x00000000c3700000)
 Metaspace       used 24376K, capacity 25298K, committed 25600K, reserved 1071104K
  class space    used 3277K, capacity 3495K, committed 3584K, reserved 1048576K
Event: 13.868 GC heap after
Heap after GC invocations=9 (full 1):
 PSYoungGen      total 116224K, used 4833K [0x00000000eb300000, 0x00000000f3c00000, 0x0000000100000000)
  eden space 111104K, 0% used [0x00000000eb300000,0x00000000eb300000,0x00000000f1f80000)
  from space 5120K, 94% used [0x00000000f3700000,0x00000000f3bb8768,0x00000000f3c00000)
  to   space 6144K, 0% used [0x00000000f3000000,0x00000000f3000000,0x00000000f3600000)
 ParOldGen       total 31744K, used 8604K [0x00000000c1800000, 0x00000000c3700000, 0x00000000eb300000)
  object space 31744K, 27% used [0x00000000c1800000,0x00000000c20673d0,0x00000000c3700000)
 Metaspace       used 24376K, capacity 25298K, committed 25600K, reserved 1071104K
  class space    used 3277K, capacity 3495K, committed 3584K, reserved 1048576K
}
Event: 16.110 GC heap before
{Heap before GC invocations=10 (full 1):
 PSYoungGen      total 116224K, used 115937K [0x00000000eb300000, 0x00000000f3c00000, 0x0000000100000000)
  eden space 111104K, 100% used [0x00000000eb300000,0x00000000f1f80000,0x00000000f1f80000)
  from space 5120K, 94% used [0x00000000f3700000,0x00000000f3bb8768,0x00000000f3c00000)
  to   space 6144K, 0% used [0x00000000f3000000,0x00000000f3000000,0x00000000f3600000)
 ParOldGen       total 31744K, used 8604K [0x00000000c1800000, 0x00000000c3700000, 0x00000000eb300000)
  object space 31744K, 27% used [0x00000000c1800000,0x00000000c20673d0,0x00000000c3700000)
 Metaspace       used 27552K, capacity 28600K, committed 28928K, reserved 1075200K
  class space    used 3775K, capacity 4022K, committed 4096K, reserved 1048576K
Event: 16.133 GC heap after
Heap after GC invocations=10 (full 1):
 PSYoungGen      total 134144K, used 6112K [0x00000000eb300000, 0x00000000f5f80000, 0x0000000100000000)
  eden space 128000K, 0% used [0x00000000eb300000,0x00000000eb300000,0x00000000f3000000)
  from space 6144K, 99% used [0x00000000f3000000,0x00000000f35f8020,0x00000000f3600000)
  to   space 9216K, 0% used [0x00000000f5680000,0x00000000f5680000,0x00000000f5f80000)
 ParOldGen       total 31744K, used 13973K [0x00000000c1800000, 0x00000000c3700000, 0x00000000eb300000)
  object space 31744K, 44% used [0x00000000c1800000,0x00000000c25a5590,0x00000000c3700000)
 Metaspace       used 27552K, capacity 28600K, committed 28928K, reserved 1075200K
  class space    used 3775K, capacity 4022K, committed 4096K, reserved 1048576K
}
Event: 17.789 GC heap before
{Heap before GC invocations=11 (full 1):
 PSYoungGen      total 134144K, used 134112K [0x00000000eb300000, 0x00000000f5f80000, 0x0000000100000000)
  eden space 128000K, 100% used [0x00000000eb300000,0x00000000f3000000,0x00000000f3000000)
  from space 6144K, 99% used [0x00000000f3000000,0x00000000f35f8020,0x00000000f3600000)
  to   space 9216K, 0% used [0x00000000f5680000,0x00000000f5680000,0x00000000f5f80000)
 ParOldGen       total 31744K, used 13973K [0x00000000c1800000, 0x00000000c3700000, 0x00000000eb300000)
  object space 31744K, 44% used [0x00000000c1800000,0x00000000c25a5590,0x00000000c3700000)
 Metaspace       used 33243K, capacity 34894K, committed 35072K, reserved 1079296K
  class space    used 4494K, capacity 4821K, committed 4864K, reserved 1048576K
Event: 17.837 GC heap after
Heap after GC invocations=11 (full 1):
 PSYoungGen      total 164352K, used 9194K [0x00000000eb300000, 0x00000000f7f00000, 0x0000000100000000)
  eden space 155136K, 0% used [0x00000000eb300000,0x00000000eb300000,0x00000000f4a80000)
  from space 9216K, 99% used [0x00000000f5680000,0x00000000f5f7a838,0x00000000f5f80000)
  to   space 12288K, 0% used [0x00000000f4a80000,0x00000000f4a80000,0x00000000f5680000)
 ParOldGen       total 31744K, used 19244K [0x00000000c1800000, 0x00000000c3700000, 0x00000000eb300000)
  object space 31744K, 60% used [0x00000000c1800000,0x00000000c2acb358,0x00000000c3700000)
 Metaspace       used 33243K, capacity 34894K, committed 35072K, reserved 1079296K
  class space    used 4494K, capacity 4821K, committed 4864K, reserved 1048576K
}
Event: 17.983 GC heap before
{Heap before GC invocations=12 (full 1):
 PSYoungGen      total 164352K, used 23984K [0x00000000eb300000, 0x00000000f7f00000, 0x0000000100000000)
  eden space 155136K, 9% used [0x00000000eb300000,0x00000000ec171828,0x00000000f4a80000)
  from space 9216K, 99% used [0x00000000f5680000,0x00000000f5f7a838,0x00000000f5f80000)
  to   space 12288K, 0% used [0x00000000f4a80000,0x00000000f4a80000,0x00000000f5680000)
 ParOldGen       total 31744K, used 19244K [0x00000000c1800000, 0x00000000c3700000, 0x00000000eb300000)
  object space 31744K, 60% used [0x00000000c1800000,0x00000000c2acb358,0x00000000c3700000)
 Metaspace       used 33685K, capacity 35310K, committed 35456K, reserved 1079296K
  class space    used 4567K, capacity 4867K, committed 4992K, reserved 1048576K
Event: 18.023 GC heap after
Heap after GC invocations=12 (full 1):
 PSYoungGen      total 167424K, used 736K [0x00000000eb300000, 0x00000000f7f00000, 0x0000000100000000)
  eden space 155136K, 0% used [0x00000000eb300000,0x00000000eb300000,0x00000000f4a80000)
  from space 12288K, 5% used [0x00000000f4a80000,0x00000000f4b38000,0x00000000f5680000)
  to   space 9216K, 0% used [0x00000000f5680000,0x00000000f5680000,0x00000000f5f80000)
 ParOldGen       total 31744K, used 28378K [0x00000000c1800000, 0x00000000c3700000, 0x00000000eb300000)
  object space 31744K, 89% used [0x00000000c1800000,0x00000000c33b6b60,0x00000000c3700000)
 Metaspace       used 33685K, capacity 35310K, committed 35456K, reserved 1079296K
  class space    used 4567K, capacity 4867K, committed 4992K, reserved 1048576K
}
Event: 18.023 GC heap before
{Heap before GC invocations=13 (full 2):
 PSYoungGen      total 167424K, used 736K [0x00000000eb300000, 0x00000000f7f00000, 0x0000000100000000)
  eden space 155136K, 0% used [0x00000000eb300000,0x00000000eb300000,0x00000000f4a80000)
  from space 12288K, 5% used [0x00000000f4a80000,0x00000000f4b38000,0x00000000f5680000)
  to   space 9216K, 0% used [0x00000000f5680000,0x00000000f5680000,0x00000000f5f80000)
 ParOldGen       total 31744K, used 28378K [0x00000000c1800000, 0x00000000c3700000, 0x00000000eb300000)
  object space 31744K, 89% used [0x00000000c1800000,0x00000000c33b6b60,0x00000000c3700000)
 Metaspace       used 33685K, capacity 35310K, committed 35456K, reserved 1079296K
  class space    used 4567K, capacity 4867K, committed 4992K, reserved 1048576K
Event: 18.554 GC heap after
Heap after GC invocations=13 (full 2):
 PSYoungGen      total 167424K, used 0K [0x00000000eb300000, 0x00000000f7f00000, 0x0000000100000000)
  eden space 155136K, 0% used [0x00000000eb300000,0x00000000eb300000,0x00000000f4a80000)
  from space 12288K, 0% used [0x00000000f4a80000,0x00000000f4a80000,0x00000000f5680000)
  to   space 9216K, 0% used [0x00000000f5680000,0x00000000f5680000,0x00000000f5f80000)
 ParOldGen       total 51712K, used 16899K [0x00000000c1800000, 0x00000000c4a80000, 0x00000000eb300000)
  object space 51712K, 32% used [0x00000000c1800000,0x00000000c2880c60,0x00000000c4a80000)
 Metaspace       used 33685K, capacity 35310K, committed 35456K, reserved 1079296K
  class space    used 4567K, capacity 4867K, committed 4992K, reserved 1048576K
}

